root - INFO - Running the get query https://api.ratesapi.io/api/latest with params {'symbols': 'GBP', 'base': 'USD'}
root - INFO - 
-----------Request----------->
GET https://api.ratesapi.io/api/latest?symbols=GBP&base=USD

Connection: keep-alive
Accept-Encoding: gzip, deflate
Accept: */*
User-Agent: python-requests/2.25.0
Content-Type: application/json

None

root - INFO - 
<-----------Response-----------
Status code:200

Date: Thu, 12 Nov 2020 20:06:17 GMT
Content-Type: application/json
Transfer-Encoding: chunked
Connection: keep-alive
Set-Cookie: __cfduid=d61f7516666010d863c520d314b1b3c3f1605211577; expires=Sat, 12-Dec-20 20:06:17 GMT; path=/; domain=.ratesapi.io; HttpOnly; SameSite=Lax
Access-Control-Allow-Methods: GET
Access-Control-Allow-Credentials: true
Access-Control-Allow-Origin: *
Cache-Control: max-age=14400
CF-Cache-Status: HIT
Age: 58
cf-request-id: 065fa9f6770000103bf09f4000000001
Expect-CT: max-age=604800, report-uri="https://report-uri.cloudflare.com/cdn-cgi/beacon/expect-ct"
Report-To: {"endpoints":[{"url":"https:\/\/a.nel.cloudflare.com\/report?s=UClfCyyit%2F92pkZS%2FcBWaw8ocUz1IdCQ8UF3PDEKqJjg156tSDlNX7Go%2B5WFDzaLCOOcc4AEhe4%2FmQ724I4hOtwvf%2FkRmZXhb%2FAoMVjMhiE%3D"}],"group":"cf-nel","max_age":604800}
NEL: {"report_to":"cf-nel","max_age":604800}
Vary: Accept-Encoding
Server: cloudflare
CF-RAY: 5f12df6a5d66103b-MRS
Content-Encoding: gzip

{"base":"USD","rates":{"GBP":0.7613009923},"date":"2020-11-12"}

root - INFO - Running the get query https://api.ratesapi.io/api/2010-01-12 with params {'symbols': 'GBP', 'base': 'USD'}
root - INFO - 
-----------Request----------->
GET https://api.ratesapi.io/api/2010-01-12?symbols=GBP&base=USD

Connection: keep-alive
Accept-Encoding: gzip, deflate
Accept: */*
User-Agent: python-requests/2.25.0
Content-Type: application/json

None

root - INFO - 
<-----------Response-----------
Status code:200

Date: Thu, 12 Nov 2020 20:06:18 GMT
Content-Type: application/json
Transfer-Encoding: chunked
Connection: keep-alive
Set-Cookie: __cfduid=dd6546663e05e072fd452217beebb730e1605211578; expires=Sat, 12-Dec-20 20:06:18 GMT; path=/; domain=.ratesapi.io; HttpOnly; SameSite=Lax
Access-Control-Allow-Methods: GET
Access-Control-Allow-Credentials: true
Access-Control-Allow-Origin: *
Cache-Control: max-age=14400
CF-Cache-Status: HIT
Age: 340
cf-request-id: 065fa9f844000010020f155000000001
Expect-CT: max-age=604800, report-uri="https://report-uri.cloudflare.com/cdn-cgi/beacon/expect-ct"
Report-To: {"endpoints":[{"url":"https:\/\/a.nel.cloudflare.com\/report?s=m1N%2FeQ59m63dP1DVjcJ%2FaerrlXH8qpLCblo5vwqQOZctTi34hfN6HK8pmljU4MSG4Bw5p%2BiCx8Rc%2FaLwq8LWqLu%2FP12ofASlW8KkNidnxcY%3D"}],"group":"cf-nel","max_age":604800}
NEL: {"report_to":"cf-nel","max_age":604800}
Vary: Accept-Encoding
Server: cloudflare
CF-RAY: 5f12df6d3ca81002-MRS
Content-Encoding: gzip

{"base":"USD","rates":{"GBP":0.6195704717},"date":"2010-01-12"}

