root - INFO - Running the get query https://api.ratesapi.io/api/latest with params {'symbols': 'GBP', 'base': 'USD'}
root - INFO - 
-----------Request----------->
GET https://api.ratesapi.io/api/latest?symbols=GBP&base=USD

Connection: keep-alive
Accept-Encoding: gzip, deflate
Accept: */*
User-Agent: python-requests/2.25.0
Content-Type: application/json

None

root - INFO - 
<-----------Response-----------
Status code:200

Date: Thu, 12 Nov 2020 20:05:19 GMT
Content-Type: application/json
Transfer-Encoding: chunked
Connection: keep-alive
Set-Cookie: __cfduid=d6f539eefbff6e281dc0489e91f452aac1605211519; expires=Sat, 12-Dec-20 20:05:19 GMT; path=/; domain=.ratesapi.io; HttpOnly; SameSite=Lax
Access-Control-Allow-Methods: GET
Access-Control-Allow-Credentials: true
Access-Control-Allow-Origin: *
Cache-Control: max-age=14400
CF-Cache-Status: HIT
cf-request-id: 065fa9122b0000e9280b371000000001
Expect-CT: max-age=604800, report-uri="https://report-uri.cloudflare.com/cdn-cgi/beacon/expect-ct"
Report-To: {"endpoints":[{"url":"https:\/\/a.nel.cloudflare.com\/report?s=r1p2STb%2B2PkYw84sAnPdInWACJ9kRZ%2FTXvuYsckr8WjY%2BkzG5Fl8h2NACpEcHi9gpKFHtuyichPTD7rixZlmg01wM4A6hbJuoFtnZMwi1k4%3D"}],"group":"cf-nel","max_age":604800}
NEL: {"report_to":"cf-nel","max_age":604800}
Vary: Accept-Encoding
Server: cloudflare
CF-RAY: 5f12ddfd1816e928-MRS
Content-Encoding: gzip

{"base":"USD","rates":{"GBP":0.7613009923},"date":"2020-11-12"}

root - INFO - Running the get query https://api.ratesapi.io/api/2010-01-12 with params {'symbols': 'GBP', 'base': 'USD'}
root - INFO - 
-----------Request----------->
GET https://api.ratesapi.io/api/2010-01-12?symbols=GBP&base=USD

Connection: keep-alive
Accept-Encoding: gzip, deflate
Accept: */*
User-Agent: python-requests/2.25.0
Content-Type: application/json

None

root - INFO - 
<-----------Response-----------
Status code:200

Date: Thu, 12 Nov 2020 20:05:20 GMT
Content-Type: application/json
Transfer-Encoding: chunked
Connection: keep-alive
Set-Cookie: __cfduid=d6ed85173b5fccd0a26b99e4174ca56f31605211520; expires=Sat, 12-Dec-20 20:05:20 GMT; path=/; domain=.ratesapi.io; HttpOnly; SameSite=Lax
Access-Control-Allow-Methods: GET
Access-Control-Allow-Credentials: true
Access-Control-Allow-Origin: *
Cache-Control: max-age=14400
CF-Cache-Status: HIT
Age: 282
cf-request-id: 065fa9145c0000e934308a1000000001
Expect-CT: max-age=604800, report-uri="https://report-uri.cloudflare.com/cdn-cgi/beacon/expect-ct"
Report-To: {"endpoints":[{"url":"https:\/\/a.nel.cloudflare.com\/report?s=8fWIJfbd%2Boi8oFbiDpW3QTRJf5EzBEoVqax4tYXuzHLICOCoRb4pMtwPE41jfeu0uFnEDzqSe4348NToFmjL1ealeuJDQpz9zpdREieoOdk%3D"}],"group":"cf-nel","max_age":604800}
NEL: {"report_to":"cf-nel","max_age":604800}
Vary: Accept-Encoding
Server: cloudflare
CF-RAY: 5f12de009b3de934-MRS
Content-Encoding: gzip

{"base":"USD","rates":{"GBP":0.6195704717},"date":"2010-01-12"}

