root - INFO - Running the get query https://api.ratesapi.io/api/latest with params {'symbols': 'USD', 'base': 'EUR'}
root - INFO - 
-----------Request----------->
GET https://api.ratesapi.io/api/latest?symbols=USD&base=EUR

Connection: keep-alive
Accept-Encoding: gzip, deflate
Accept: */*
User-Agent: python-requests/2.25.0
Content-Type: application/json

None

root - INFO - 
<-----------Response-----------
Status code:200

Date: Thu, 12 Nov 2020 20:02:26 GMT
Content-Type: application/json
Transfer-Encoding: chunked
Connection: keep-alive
Set-Cookie: __cfduid=d89cec03386b9abe784cdf06a9bb0aceb1605211346; expires=Sat, 12-Dec-20 20:02:26 GMT; path=/; domain=.ratesapi.io; HttpOnly; SameSite=Lax
Access-Control-Allow-Methods: GET
Access-Control-Allow-Credentials: true
Access-Control-Allow-Origin: *
Cache-Control: max-age=14400
CF-Cache-Status: MISS
cf-request-id: 065fa66cb9000010433e8d0000000001
Expect-CT: max-age=604800, report-uri="https://report-uri.cloudflare.com/cdn-cgi/beacon/expect-ct"
Report-To: {"endpoints":[{"url":"https:\/\/a.nel.cloudflare.com\/report?s=4mP0lFC%2F1R5Q0vdlIxR7vJBAPKqtNXmYkUo461Npiv9dMJrYhJzFiq0uoD66TqK4HMKbjHgpMXo04DgZRg5bICq86B3WbQCJD9qMnJgJz28%3D"}],"group":"cf-nel","max_age":604800}
NEL: {"report_to":"cf-nel","max_age":604800}
Vary: Accept-Encoding
Server: cloudflare
CF-RAY: 5f12d9c129781043-MRS
Content-Encoding: gzip

{"base":"EUR","rates":{"USD":1.1791},"date":"2020-11-12"}

root - INFO - Running the get query https://api.ratesapi.io/api/2010-01-12 with params {'symbols': 'GBP', 'base': 'USD'}
root - INFO - 
-----------Request----------->
GET https://api.ratesapi.io/api/2010-01-12?symbols=GBP&base=USD

Connection: keep-alive
Accept-Encoding: gzip, deflate
Accept: */*
User-Agent: python-requests/2.25.0
Content-Type: application/json

None

root - INFO - 
<-----------Response-----------
Status code:200

Date: Thu, 12 Nov 2020 20:02:26 GMT
Content-Type: application/json
Transfer-Encoding: chunked
Connection: keep-alive
Set-Cookie: __cfduid=d1490736efcc10c8ba395ae40b48263721605211346; expires=Sat, 12-Dec-20 20:02:26 GMT; path=/; domain=.ratesapi.io; HttpOnly; SameSite=Lax
Access-Control-Allow-Methods: GET
Access-Control-Allow-Credentials: true
Access-Control-Allow-Origin: *
Cache-Control: max-age=14400
CF-Cache-Status: HIT
Age: 108
cf-request-id: 065fa66ee000000fee43b02000000001
Expect-CT: max-age=604800, report-uri="https://report-uri.cloudflare.com/cdn-cgi/beacon/expect-ct"
Report-To: {"endpoints":[{"url":"https:\/\/a.nel.cloudflare.com\/report?s=MZWqIz0vyh2MOe5Zo2Q0SSW17HQk38aBO%2BewS3wFpaSrppHl69LXFQjnvF38fSCOx98nzsEgJ7nMnSxYmn8QIEjV1YOc1UBg50scOaIJoUE%3D"}],"group":"cf-nel","max_age":604800}
NEL: {"report_to":"cf-nel","max_age":604800}
Vary: Accept-Encoding
Server: cloudflare
CF-RAY: 5f12d9c49d750fee-MRS
Content-Encoding: gzip

{"base":"USD","rates":{"GBP":0.6195704717},"date":"2010-01-12"}

